2021-10-21 22:41:11,901 [Worker-6: Loading available Gradle versions] INFO  o.e.b.c.i.u.g.PublishedGradleVersions - Gradle version information cache is up-to-date. Trying to read.
2021-10-21 22:41:41,441 [Worker-19: Creating project "testing"] INFO  o.e.m.c.i.l.LifecycleMappingFactory - Using org.eclipse.m2e.jdt.JarLifecycleMapping lifecycle mapping for MavenProject: selenium:testing:0.0.1-SNAPSHOT @ /home/manzoormehadi/DemoSession/testing/pom.xml.
2021-10-21 22:41:41,788 [Worker-19: Creating project "testing"] INFO  o.e.m.j.i.AbstractJavaProjectConfigurator - Adding source folder /testing/src/main/java
2021-10-21 22:41:41,790 [Worker-19: Creating project "testing"] INFO  o.e.m.j.i.AbstractJavaProjectConfigurator - Adding resource folder /testing/src/main/resources
2021-10-21 22:41:41,790 [Worker-19: Creating project "testing"] INFO  o.e.m.j.i.AbstractJavaProjectConfigurator - Adding source folder /testing/src/test/java
2021-10-21 22:41:41,790 [Worker-19: Creating project "testing"] INFO  o.e.m.j.i.AbstractJavaProjectConfigurator - Adding resource folder /testing/src/test/resources
2021-10-21 22:41:42,504 [Worker-17: Building] WARN  o.e.m.c.i.embedder.EclipseLogger - Using platform encoding (UTF-8 actually) to copy filtered resources, i.e. build is platform dependent!
2021-10-21 22:41:42,509 [Worker-17: Building] INFO  o.e.m.c.i.embedder.EclipseLogger - Copying 0 resource
2021-10-21 22:41:42,511 [Worker-17: Building] WARN  o.e.m.c.i.embedder.EclipseLogger - Using platform encoding (UTF-8 actually) to copy filtered resources, i.e. build is platform dependent!
2021-10-21 22:41:42,512 [Worker-17: Building] INFO  o.e.m.c.i.embedder.EclipseLogger - Copying 0 resource
2021-10-21 22:42:36,750 [Worker-17: Building] INFO  o.e.m.c.i.l.LifecycleMappingFactory - Using org.eclipse.m2e.jdt.JarLifecycleMapping lifecycle mapping for MavenProject: selenium:testing:0.0.1-SNAPSHOT @ /home/manzoormehadi/DemoSession/testing/pom.xml.
2021-10-21 22:42:37,001 [Worker-17: Building] INFO  o.e.m.c.i.embedder.EclipseLogger - Using 'UTF-8' encoding to copy filtered resources.
2021-10-21 22:42:37,002 [Worker-17: Building] INFO  o.e.m.c.i.embedder.EclipseLogger - Copying 0 resource
2021-10-21 22:42:37,004 [Worker-17: Building] INFO  o.e.m.c.i.embedder.EclipseLogger - Using 'UTF-8' encoding to copy filtered resources.
2021-10-21 22:42:37,005 [Worker-17: Building] INFO  o.e.m.c.i.embedder.EclipseLogger - Copying 0 resource
2021-10-21 22:43:04,666 [Worker-3: Building] INFO  o.e.m.c.i.embedder.EclipseLogger - Using 'UTF-8' encoding to copy filtered resources.
2021-10-21 22:43:04,667 [Worker-3: Building] INFO  o.e.m.c.i.embedder.EclipseLogger - Copying 0 resource
2021-10-21 22:43:04,668 [Worker-3: Building] INFO  o.e.m.c.i.embedder.EclipseLogger - Using 'UTF-8' encoding to copy filtered resources.
2021-10-21 22:43:04,670 [Worker-3: Building] INFO  o.e.m.c.i.embedder.EclipseLogger - Copying 0 resource
2021-10-21 22:43:32,714 [Worker-1: Building] INFO  o.e.m.c.i.embedder.EclipseLogger - Using 'UTF-8' encoding to copy filtered resources.
2021-10-21 22:43:32,714 [Worker-1: Building] INFO  o.e.m.c.i.embedder.EclipseLogger - Copying 0 resource
2021-10-21 22:43:32,716 [Worker-1: Building] INFO  o.e.m.c.i.embedder.EclipseLogger - Using 'UTF-8' encoding to copy filtered resources.
2021-10-21 22:43:32,716 [Worker-1: Building] INFO  o.e.m.c.i.embedder.EclipseLogger - Copying 0 resource
2021-10-21 22:44:11,987 [Worker-0: Building] INFO  o.e.m.c.i.embedder.EclipseLogger - Using 'UTF-8' encoding to copy filtered resources.
2021-10-21 22:44:11,988 [Worker-0: Building] INFO  o.e.m.c.i.embedder.EclipseLogger - Copying 0 resource
2021-10-21 22:44:11,989 [Worker-0: Building] INFO  o.e.m.c.i.embedder.EclipseLogger - Using 'UTF-8' encoding to copy filtered resources.
2021-10-21 22:44:11,989 [Worker-0: Building] INFO  o.e.m.c.i.embedder.EclipseLogger - Copying 0 resource
2021-10-21 22:44:55,808 [main] INFO  o.e.m2e.actions.ExecutePomAction - Creating new launch configuration
2021-10-21 22:45:02,911 [Worker-5: Launching testing] INFO  o.e.m.i.launch.MavenLaunchDelegate - /home/manzoormehadi/DemoSession/testing
2021-10-21 22:45:02,911 [Worker-5: Launching testing] INFO  o.e.m.i.launch.MavenLaunchDelegate -  mvn -B clean compile test
2021-10-21 23:18:45,700 [Worker-12: Building] INFO  o.e.m.c.i.embedder.EclipseLogger - Using 'UTF-8' encoding to copy filtered resources.
2021-10-21 23:18:45,700 [Worker-12: Building] INFO  o.e.m.c.i.embedder.EclipseLogger - Copying 0 resource
2021-10-21 23:18:45,701 [Worker-12: Building] INFO  o.e.m.c.i.embedder.EclipseLogger - Using 'UTF-8' encoding to copy filtered resources.
2021-10-21 23:18:45,702 [Worker-12: Building] INFO  o.e.m.c.i.embedder.EclipseLogger - Copying 0 resource
2021-10-21 23:29:36,808 [Worker-8: Loading available Gradle versions] INFO  o.e.b.c.i.u.g.PublishedGradleVersions - Gradle version information cache is up-to-date. Trying to read.
2021-10-21 23:29:54,002 [Worker-17: Building] INFO  o.e.m.c.i.embedder.EclipseLogger - Using 'UTF-8' encoding to copy filtered resources.
2021-10-21 23:29:54,005 [Worker-17: Building] INFO  o.e.m.c.i.embedder.EclipseLogger - Copying 0 resource
2021-10-21 23:29:54,007 [Worker-17: Building] INFO  o.e.m.c.i.embedder.EclipseLogger - Using 'UTF-8' encoding to copy filtered resources.
2021-10-21 23:29:54,007 [Worker-17: Building] INFO  o.e.m.c.i.embedder.EclipseLogger - Copying 0 resource
2021-10-21 23:33:09,414 [Worker-20: Building] INFO  o.e.m.c.i.embedder.EclipseLogger - Using 'UTF-8' encoding to copy filtered resources.
2021-10-21 23:33:09,418 [Worker-20: Building] INFO  o.e.m.c.i.embedder.EclipseLogger - Copying 0 resource
2021-10-21 23:33:09,420 [Worker-20: Building] INFO  o.e.m.c.i.embedder.EclipseLogger - Using 'UTF-8' encoding to copy filtered resources.
2021-10-21 23:33:09,421 [Worker-20: Building] INFO  o.e.m.c.i.embedder.EclipseLogger - Copying 0 resource
2021-10-21 23:33:16,437 [main] INFO  o.e.m2e.actions.ExecutePomAction - Using existing launch configuration
2021-10-21 23:33:16,499 [Worker-21: Launching testing] INFO  o.e.m.i.launch.MavenLaunchDelegate - /home/manzoormehadi/DemoSession/testing
2021-10-21 23:33:16,499 [Worker-21: Launching testing] INFO  o.e.m.i.launch.MavenLaunchDelegate -  mvn -B clean compile test
2021-10-21 23:43:48,122 [Worker-22: Building] INFO  o.e.m.c.i.embedder.EclipseLogger - Using 'UTF-8' encoding to copy filtered resources.
2021-10-21 23:43:48,122 [Worker-22: Building] INFO  o.e.m.c.i.embedder.EclipseLogger - Copying 0 resource
2021-10-21 23:43:48,124 [Worker-22: Building] INFO  o.e.m.c.i.embedder.EclipseLogger - Using 'UTF-8' encoding to copy filtered resources.
2021-10-21 23:43:48,124 [Worker-22: Building] INFO  o.e.m.c.i.embedder.EclipseLogger - Copying 0 resource
2021-10-21 23:59:38,171 [Worker-26: Building] INFO  o.e.m.c.i.embedder.EclipseLogger - Using 'UTF-8' encoding to copy filtered resources.
2021-10-21 23:59:38,172 [Worker-26: Building] INFO  o.e.m.c.i.embedder.EclipseLogger - Copying 0 resource
2021-10-21 23:59:38,173 [Worker-26: Building] INFO  o.e.m.c.i.embedder.EclipseLogger - Using 'UTF-8' encoding to copy filtered resources.
2021-10-21 23:59:38,173 [Worker-26: Building] INFO  o.e.m.c.i.embedder.EclipseLogger - Copying 0 resource
2021-10-21 23:59:49,274 [main] INFO  o.e.m2e.actions.ExecutePomAction - Using existing launch configuration
2021-10-21 23:59:49,438 [Worker-24: Launching testing] INFO  o.e.m.i.launch.MavenLaunchDelegate - /home/manzoormehadi/DemoSession/testing
2021-10-21 23:59:49,438 [Worker-24: Launching testing] INFO  o.e.m.i.launch.MavenLaunchDelegate -  mvn -B clean compile test
2021-10-22 10:02:15,894 [Worker-3: Loading available Gradle versions] INFO  o.e.b.c.i.u.g.PublishedGradleVersions - Gradle version information cache is up-to-date. Trying to read.
2021-10-22 10:15:46,541 [Worker-21: Building] INFO  o.e.m.c.i.embedder.EclipseLogger - Using 'UTF-8' encoding to copy filtered resources.
2021-10-22 10:15:46,545 [Worker-21: Building] INFO  o.e.m.c.i.embedder.EclipseLogger - Copying 0 resource
2021-10-22 10:15:46,548 [Worker-21: Building] INFO  o.e.m.c.i.embedder.EclipseLogger - Using 'UTF-8' encoding to copy filtered resources.
2021-10-22 10:15:46,549 [Worker-21: Building] INFO  o.e.m.c.i.embedder.EclipseLogger - Copying 0 resource
2021-10-22 10:17:27,475 [Worker-21: Building] INFO  o.e.m.c.i.embedder.EclipseLogger - Using 'UTF-8' encoding to copy filtered resources.
2021-10-22 10:17:27,477 [Worker-21: Building] INFO  o.e.m.c.i.embedder.EclipseLogger - Copying 0 resource
2021-10-22 10:17:27,479 [Worker-21: Building] INFO  o.e.m.c.i.embedder.EclipseLogger - Using 'UTF-8' encoding to copy filtered resources.
2021-10-22 10:17:27,481 [Worker-21: Building] INFO  o.e.m.c.i.embedder.EclipseLogger - Copying 0 resource
